<?xml version="1.0" encoding="UTF-8"?>
<!-- Generated by org.testng.reporters.JUnitReportReporter -->
<testsuite hostname="Ahmers-MacBook-Pro.local" name="utils.CloudDemoSelenium" tests="3" failures="0" timestamp="26 May 2019 17:55:09 GMT" time="99.141" errors="0">
  <testcase name="demoScript" time="31.750" classname="utils.CloudDemoSelenium"/>
  <testcase name="demoScript" time="30.823" classname="utils.CloudDemoSelenium"/>
  <testcase name="demoScript" time="36.568" classname="utils.CloudDemoSelenium"/>
</testsuite> <!-- utils.CloudDemoSelenium -->
