<?xml version="1.0" encoding="UTF-8"?>
<!-- Generated by org.testng.reporters.JUnitReportReporter -->
<testsuite hostname="Ahmers-MacBook-Pro.local" name="utils.ExperiTestDemo" tests="1" failures="0" timestamp="17 Jun 2019 18:42:25 GMT" time="26.339" errors="0">
  <testcase name="quickStartiOSNativeDemo" time="26.339" classname="utils.ExperiTestDemo"/>
</testsuite> <!-- utils.ExperiTestDemo -->
