<?xml version="1.0" encoding="UTF-8"?>
<!-- Generated by org.testng.reporters.JUnitReportReporter -->
<testsuite hostname="Ahmers-MacBook-Pro.local" name="utils.CloudDemo" tests="1" failures="0" timestamp="15 May 2019 13:46:11 GMT" time="94.210" errors="0">
  <testcase name="demoScript" time="94.210" classname="utils.CloudDemo"/>
</testsuite> <!-- utils.CloudDemo -->
